<?xml version="1.0" encoding="UTF-8" standalone="no"?>
<testsuite errors="0" failures="8" name="io.cucumber.core.plugin.JUnitFormatter" skipped="0" tests="8" time="0.61">
<testcase classname="Registration for the new user to create new account" name="Enter all valid data (user name, password, email, birth date ,Gender)" time="0.018">
<failure message="The scenario has pending or undefined step(s)" type="java.lang.Exception"><![CDATA[Given Enter the URL to navigate to the website..............................undefined
When Press for icon register to Create new account to go to the sign up page.skipped
And Choose your correct Gender (male or female).............................skipped
And Enter the first name....................................................skipped
And Enter the last name.....................................................skipped
And Choose your birthdate from the calender.................................skipped
And Enter your valid Email..................................................skipped
And Enter your company name.................................................skipped
And Click on newsletter.....................................................skipped
And Enter a new valid password..............................................skipped
And Press on register icon to go for the next page..........................skipped
Then click om signin to go to home page of the website will open successfully.skipped
]]></failure>
</testcase>
<testcase classname="Login_ user could login to the system with valid account" name="Valid login" time="0.008">
<failure message="The scenario has pending or undefined step(s)" type="java.lang.Exception"><![CDATA[Given Navigate to URL website...............................................undefined
And Go to login page........................................................skipped
When Enter email and password...............................................skipped
And Click on login icon.....................................................skipped
Then Verify that the user had login successfully............................skipped
]]></failure>
</testcase>
<testcase classname="Login_ user could login to the system with valid account" name="inValid login" time="0.003">
<failure message="The scenario has pending or undefined step(s)" type="java.lang.Exception"><![CDATA[Given Navigate to URL website...............................................undefined
And Go to login page........................................................skipped
When Enter invalid email and password.......................................skipped
And Click on login icon.....................................................skipped
Then Verify that the user had not login successfully........................skipped
]]></failure>
</testcase>
<testcase classname="Login_ user could login to the system with valid account" name="Empty login" time="0.006">
<failure message="The scenario has pending or undefined step(s)" type="java.lang.Exception"><![CDATA[Given Navigate to URL website...............................................undefined
And Go to login page........................................................skipped
When Enter Empty email and password.........................................skipped
And Click on login icon.....................................................skipped
Then Verify that the empty user had not login successfully..................skipped
]]></failure>
</testcase>
<testcase classname="Make sure that all website's products will be in Euro" name="make all the product on the website to be made by Euro currency" time="0.008">
<failure message="The scenario has pending or undefined step(s)" type="java.lang.Exception"><![CDATA[Given go to the website.....................................................undefined
And make sure that you enter a valid password and Email to enter to the home page successfully.skipped
When Press to change the currency from US dollar to Euro....................skipped
Then Make sure that the four products in the home page has been changed from US to Euro.skipped
]]></failure>
</testcase>
<testcase classname="Search for product in the website" name="user could search using product name (book,laptop,nike)" time="0.003">
<failure message="The scenario has pending or undefined step(s)" type="java.lang.Exception"><![CDATA[Given navigate to the website...............................................undefined
When Enter a valid data to login to the home page...........................skipped
Then you start the search for the product [book,laplop,nike]................skipped
]]></failure>
</testcase>
<testcase classname="Search for product in the website" name="user could search for product using sku" time="0.006">
<failure message="The scenario has pending or undefined step(s)" type="java.lang.Exception"><![CDATA[Given navigate to the website...............................................undefined
When Enter a valid data to login to the home page...........................skipped
And Enter the sku for the product in search bar.............................skipped
And press on the product which had been found to moke to anther page........skipped
Then make sure it contains the sku that you are using in search.............skipped
]]></failure>
</testcase>
<testcase classname="hover in website's homepage categories" name="hover on any of the main categories [Computer,Electronics,Apparel]" time="0.006">
<failure message="The scenario has pending or undefined step(s)" type="java.lang.Exception"><![CDATA[Given move to the website...................................................undefined
When login with valid username and password to go to the homepage...........skipped
Then you hover in one for random main categories [Computer,Electronics,Apparel].skipped
And choose on of there subcategories and click on it and make sure for the validation.skipped
]]></failure>
</testcase>
</testsuite>
